<?xml version="1.0" encoding="UTF-8"?>
<testsuite name="TestSuite" time="0.0" tests="1" errors="0" skipped="0" failures="0">
    <testcase name="TestHelperWSS.getTestActionsWSS" classname="cs.helpers.TestHelperWSS" time="0.0"/>
</testsuite>