<?xml version="1.0" encoding="UTF-8"?>
<testsuite name="cs.tests.TestWSS" time="0.0" tests="1" errors="0" skipped="0" failures="0">
    <testcase name="TestWSS.getTestActionsWSS" classname="cs.tests.TestWSS" time="0.0"/>
</testsuite>