<?xml version="1.0" encoding="UTF-8"?>
<testsuite name="cs.TestMock" time="0.0" tests="1" errors="0" skipped="0" failures="0">
    <testcase name="TestMock.getTestActions" classname="cs.TestMock" time="0.0"/>
</testsuite>