<?xml version="1.0" encoding="UTF-8"?>
<!-- Generated by org.testng.reporters.JUnitReportReporter -->
<testsuite hostname="OLDI" failures="0" tests="2" name="demoCitrus.SampleJavaIT" time="0.055" errors="0" timestamp="2022-10-21T14:14:11 MSK" skipped="0">
  <testcase classname="demoCitrus.SampleJavaIT" name="sayHello" time="0.010"/>
  <system-out/>
  <testcase classname="demoCitrus.SampleJavaIT" name="echoToday" time="0.045"/>
  <system-out/>
</testsuite> <!-- demoCitrus.SampleJavaIT -->
