<?xml version="1.0" encoding="UTF-8"?>
<!-- Generated by org.testng.reporters.JUnitReportReporter -->
<testsuite hostname="OLDI" failures="0" tests="1" name="demoCitrus.SampleXmlIT" time="0.183" errors="0" timestamp="2022-10-21T14:14:11 MSK" skipped="0">
  <testcase classname="demoCitrus.SampleXmlIT" name="sampleXml" time="0.183"/>
  <system-out/>
</testsuite> <!-- demoCitrus.SampleXmlIT -->
