<?xml version="1.0" encoding="UTF-8"?>
<testsuite xmlns:xsi="http://www.w3.org/2001/XMLSchema-instance" xsi:noNamespaceSchemaLocation="https://maven.apache.org/surefire/maven-surefire-plugin/xsd/surefire-test-report.xsd" name="tests.TestMock" time="5.614" tests="1" errors="0" skipped="0" failures="0">
  <properties>
    <property name="sun.desktop" value="windows"/>
    <property name="awt.toolkit" value="sun.awt.windows.WToolkit"/>
    <property name="java.specification.version" value="11"/>
    <property name="sun.cpu.isalist" value="amd64"/>
    <property name="sun.jnu.encoding" value="Cp1251"/>
    <property name="java.class.path" value="C:\Users\Алексей\Desktop\OTUS_for_Vebinars\QA-JAVA\QA-JAVA\lesson_Citrus_Extended_v3.2.1\target\test-classes;C:\Users\Алексей\Desktop\OTUS_for_Vebinars\QA-JAVA\QA-JAVA\lesson_Citrus_Extended_v3.2.1\target\classes;C:\Users\Алексей\.m2\repository\com\consol\citrus\citrus-core\3.2.1\citrus-core-3.2.1.jar;C:\Users\Алексей\.m2\repository\com\consol\citrus\citrus-spring\3.2.1\citrus-spring-3.2.1.jar;C:\Users\Алексей\.m2\repository\xerces\xercesImpl\2.12.2\xercesImpl-2.12.2.jar;C:\Users\Алексей\.m2\repository\xml-apis\xml-apis\1.4.01\xml-apis-1.4.01.jar;C:\Users\Алексей\.m2\repository\com\consol\citrus\citrus-validation-xml\3.2.1\citrus-validation-xml-3.2.1.jar;C:\Users\Алексей\.m2\repository\org\glassfish\jaxb\jaxb-core\2.3.0.1\jaxb-core-2.3.0.1.jar;C:\Users\Алексей\.m2\repository\org\glassfish\jaxb\txw2\2.3.0.1\txw2-2.3.0.1.jar;C:\Users\Алексей\.m2\repository\com\sun\istack\istack-commons-runtime\3.0.5\istack-commons-runtime-3.0.5.jar;C:\Users\Алексей\.m2\repository\org\glassfish\jaxb\jaxb-runtime\2.3.5\jaxb-runtime-2.3.5.jar;C:\Users\Алексей\.m2\repository\xalan\xalan\2.7.2\xalan-2.7.2.jar;C:\Users\Алексей\.m2\repository\xalan\serializer\2.7.2\serializer-2.7.2.jar;C:\Users\Алексей\.m2\repository\wsdl4j\wsdl4j\1.6.3\wsdl4j-1.6.3.jar;C:\Users\Алексей\.m2\repository\net\sf\jtidy\jtidy\r938\jtidy-r938.jar;C:\Users\Алексей\.m2\repository\com\consol\citrus\citrus-validation-text\3.2.1\citrus-validation-text-3.2.1.jar;C:\Users\Алексей\.m2\repository\com\consol\citrus\citrus-validation-binary\3.2.1\citrus-validation-binary-3.2.1.jar;C:\Users\Алексей\.m2\repository\com\consol\citrus\citrus-validation-groovy\3.2.1\citrus-validation-groovy-3.2.1.jar;C:\Users\Алексей\.m2\repository\org\codehaus\groovy\groovy\3.0.9\groovy-3.0.9.jar;C:\Users\Алексей\.m2\repository\org\codehaus\groovy\groovy-jsr223\3.0.9\groovy-jsr223-3.0.9.jar;C:\Users\Алексей\.m2\repository\org\codehaus\groovy\groovy-json\3.0.9\groovy-json-3.0.9.jar;C:\Users\Алексей\.m2\repository\org\codehaus\groovy\groovy-xml\3.0.9\groovy-xml-3.0.9.jar;C:\Users\Алексей\.m2\repository\com\consol\citrus\citrus-validation-hamcrest\3.2.1\citrus-validation-hamcrest-3.2.1.jar;C:\Users\Алексей\.m2\repository\org\hamcrest\hamcrest\2.2\hamcrest-2.2.jar;C:\Users\Алексей\.m2\repository\org\hamcrest\hamcrest-library\2.2\hamcrest-library-2.2.jar;C:\Users\Алексей\.m2\repository\org\hamcrest\hamcrest-core\2.2\hamcrest-core-2.2.jar;C:\Users\Алексей\.m2\repository\com\consol\citrus\citrus-junit\3.2.1\citrus-junit-3.2.1.jar;C:\Users\Алексей\.m2\repository\com\consol\citrus\citrus-junit5\3.2.1\citrus-junit5-3.2.1.jar;C:\Users\Алексей\.m2\repository\com\consol\citrus\citrus-main\3.2.1\citrus-main-3.2.1.jar;C:\Users\Алексей\.m2\repository\com\consol\citrus\citrus-cucumber\3.2.1\citrus-cucumber-3.2.1.jar;C:\Users\Алексей\.m2\repository\io\cucumber\cucumber-java\6.11.0\cucumber-java-6.11.0.jar;C:\Users\Алексей\.m2\repository\io\cucumber\cucumber-core\6.11.0\cucumber-core-6.11.0.jar;C:\Users\Алексей\.m2\repository\io\cucumber\cucumber-gherkin\6.11.0\cucumber-gherkin-6.11.0.jar;C:\Users\Алексей\.m2\repository\io\cucumber\cucumber-gherkin-messages\6.11.0\cucumber-gherkin-messages-6.11.0.jar;C:\Users\Алексей\.m2\repository\io\cucumber\messages\15.0.0\messages-15.0.0.jar;C:\Users\Алексей\.m2\repository\io\cucumber\tag-expressions\3.0.1\tag-expressions-3.0.1.jar;C:\Users\Алексей\.m2\repository\io\cucumber\cucumber-expressions\10.3.0\cucumber-expressions-10.3.0.jar;C:\Users\Алексей\.m2\repository\io\cucumber\datatable\3.5.0\datatable-3.5.0.jar;C:\Users\Алексей\.m2\repository\io\cucumber\cucumber-plugin\6.11.0\cucumber-plugin-6.11.0.jar;C:\Users\Алексей\.m2\repository\io\cucumber\docstring\6.11.0\docstring-6.11.0.jar;C:\Users\Алексей\.m2\repository\io\cucumber\html-formatter\13.0.0\html-formatter-13.0.0.jar;C:\Users\Алексей\.m2\repository\io\cucumber\create-meta\4.0.0\create-meta-4.0.0.jar;C:\Users\Алексей\.m2\repository\org\apiguardian\apiguardian-api\1.1.2\apiguardian-api-1.1.2.jar;C:\Users\Алексей\.m2\repository\com\consol\citrus\citrus-groovy\3.2.1\citrus-groovy-3.2.1.jar;C:\Users\Алексей\.m2\repository\com\consol\citrus\citrus-spring-integration\3.2.1\citrus-spring-integration-3.2.1.jar;C:\Users\Алексей\.m2\repository\org\springframework\integration\spring-integration-core\5.5.10\spring-integration-core-5.5.10.jar;C:\Users\Алексей\.m2\repository\org\springframework\retry\spring-retry\1.3.2\spring-retry-1.3.2.jar;C:\Users\Алексей\.m2\repository\io\projectreactor\reactor-core\3.4.12\reactor-core-3.4.12.jar;C:\Users\Алексей\.m2\repository\org\reactivestreams\reactive-streams\1.0.3\reactive-streams-1.0.3.jar;C:\Users\Алексей\.m2\repository\com\consol\citrus\citrus-sql\3.2.1\citrus-sql-3.2.1.jar;C:\Users\Алексей\.m2\repository\org\springframework\spring-jdbc\5.3.18\spring-jdbc-5.3.18.jar;C:\Users\Алексей\.m2\repository\org\springframework\spring-test\5.3.18\spring-test-5.3.18.jar;C:\Users\Алексей\.m2\repository\com\consol\citrus\citrus-jms\3.2.1\citrus-jms-3.2.1.jar;C:\Users\Алексей\.m2\repository\com\consol\citrus\citrus-base\3.2.1\citrus-base-3.2.1.jar;C:\Users\Алексей\.m2\repository\com\consol\citrus\citrus-api\3.2.1\citrus-api-3.2.1.jar;C:\Users\Алексей\.m2\repository\commons-lang\commons-lang\2.6\commons-lang-2.6.jar;C:\Users\Алексей\.m2\repository\org\springframework\spring-jms\5.3.18\spring-jms-5.3.18.jar;C:\Users\Алексей\.m2\repository\org\springframework\spring-messaging\5.3.18\spring-messaging-5.3.18.jar;C:\Users\Алексей\.m2\repository\org\springframework\spring-tx\5.3.18\spring-tx-5.3.18.jar;C:\Users\Алексей\.m2\repository\jakarta\jms\jakarta.jms-api\2.0.3\jakarta.jms-api-2.0.3.jar;C:\Users\Алексей\.m2\repository\jakarta\xml\bind\jakarta.xml.bind-api\2.3.3\jakarta.xml.bind-api-2.3.3.jar;C:\Users\Алексей\.m2\repository\jakarta\activation\jakarta.activation-api\1.2.2\jakarta.activation-api-1.2.2.jar;C:\Users\Алексей\.m2\repository\com\sun\xml\messaging\saaj\saaj-impl\1.5.3\saaj-impl-1.5.3.jar;C:\Users\Алексей\.m2\repository\org\jvnet\staxex\stax-ex\1.8.3\stax-ex-1.8.3.jar;C:\Users\Алексей\.m2\repository\org\springframework\ws\spring-ws-core\3.1.3\spring-ws-core-3.1.3.jar;C:\Users\Алексей\.m2\repository\org\springframework\spring-webmvc\5.3.18\spring-webmvc-5.3.18.jar;C:\Users\Алексей\.m2\repository\org\springframework\spring-expression\5.3.18\spring-expression-5.3.18.jar;C:\Users\Алексей\.m2\repository\com\consol\citrus\citrus-ws\3.2.1\citrus-ws-3.2.1.jar;C:\Users\Алексей\.m2\repository\com\sun\activation\jakarta.activation\1.2.2\jakarta.activation-1.2.2.jar;C:\Users\Алексей\.m2\repository\org\eclipse\jetty\jetty-server\9.4.44.v20210927\jetty-server-9.4.44.v20210927.jar;C:\Users\Алексей\.m2\repository\org\eclipse\jetty\jetty-http\9.4.44.v20210927\jetty-http-9.4.44.v20210927.jar;C:\Users\Алексей\.m2\repository\org\eclipse\jetty\jetty-util\9.4.44.v20210927\jetty-util-9.4.44.v20210927.jar;C:\Users\Алексей\.m2\repository\org\eclipse\jetty\jetty-io\9.4.44.v20210927\jetty-io-9.4.44.v20210927.jar;C:\Users\Алексей\.m2\repository\org\eclipse\jetty\jetty-servlet\9.4.44.v20210927\jetty-servlet-9.4.44.v20210927.jar;C:\Users\Алексей\.m2\repository\org\eclipse\jetty\jetty-security\9.4.44.v20210927\jetty-security-9.4.44.v20210927.jar;C:\Users\Алексей\.m2\repository\org\eclipse\jetty\jetty-util-ajax\9.4.44.v20210927\jetty-util-ajax-9.4.44.v20210927.jar;C:\Users\Алексей\.m2\repository\jakarta\servlet\jakarta.servlet-api\4.0.4\jakarta.servlet-api-4.0.4.jar;C:\Users\Алексей\.m2\repository\commons-codec\commons-codec\1.15\commons-codec-1.15.jar;C:\Users\Алексей\.m2\repository\commons-io\commons-io\2.8.0\commons-io-2.8.0.jar;C:\Users\Алексей\.m2\repository\org\springframework\spring-core\5.3.18\spring-core-5.3.18.jar;C:\Users\Алексей\.m2\repository\org\springframework\spring-jcl\5.3.18\spring-jcl-5.3.18.jar;C:\Users\Алексей\.m2\repository\org\springframework\spring-beans\5.3.18\spring-beans-5.3.18.jar;C:\Users\Алексей\.m2\repository\org\springframework\spring-aop\5.3.18\spring-aop-5.3.18.jar;C:\Users\Алексей\.m2\repository\org\springframework\ws\spring-xml\3.1.3\spring-xml-3.1.3.jar;C:\Users\Алексей\.m2\repository\org\springframework\spring-web\5.3.18\spring-web-5.3.18.jar;C:\Users\Алексей\.m2\repository\org\springframework\spring-context\5.3.18\spring-context-5.3.18.jar;C:\Users\Алексей\.m2\repository\com\consol\citrus\citrus-http\3.2.1\citrus-http-3.2.1.jar;C:\Users\Алексей\.m2\repository\org\springframework\integration\spring-integration-http\5.5.10\spring-integration-http-5.5.10.jar;C:\Users\Алексей\.m2\repository\org\springframework\spring-oxm\5.3.18\spring-oxm-5.3.18.jar;C:\Users\Алексей\.m2\repository\org\apache\httpcomponents\httpclient\4.5.13\httpclient-4.5.13.jar;C:\Users\Алексей\.m2\repository\org\apache\httpcomponents\httpcore\4.4.13\httpcore-4.4.13.jar;C:\Users\Алексей\.m2\repository\commons-logging\commons-logging\1.2\commons-logging-1.2.jar;C:\Users\Алексей\.m2\repository\com\consol\citrus\citrus-testng\3.2.1\citrus-testng-3.2.1.jar;C:\Users\Алексей\.m2\repository\org\testng\testng\7.3.0\testng-7.3.0.jar;C:\Users\Алексей\.m2\repository\com\beust\jcommander\1.78\jcommander-1.78.jar;C:\Users\Алексей\.m2\repository\org\apache\ant\ant\1.10.3\ant-1.10.3.jar;C:\Users\Алексей\.m2\repository\org\apache\ant\ant-launcher\1.10.3\ant-launcher-1.10.3.jar;C:\Users\Алексей\.m2\repository\junit\junit\4.12\junit-4.12.jar;C:\Users\Алексей\.m2\repository\com\google\inject\guice\4.2.2\guice-4.2.2-no_aop.jar;C:\Users\Алексей\.m2\repository\javax\inject\javax.inject\1\javax.inject-1.jar;C:\Users\Алексей\.m2\repository\aopalliance\aopalliance\1.0\aopalliance-1.0.jar;C:\Users\Алексей\.m2\repository\org\yaml\snakeyaml\1.21\snakeyaml-1.21.jar;C:\Users\Алексей\.m2\repository\com\consol\citrus\citrus-validation-json\3.2.1\citrus-validation-json-3.2.1.jar;C:\Users\Алексей\.m2\repository\com\fasterxml\jackson\core\jackson-core\2.12.6\jackson-core-2.12.6.jar;C:\Users\Алексей\.m2\repository\com\fasterxml\jackson\core\jackson-databind\2.12.6.1\jackson-databind-2.12.6.1.jar;C:\Users\Алексей\.m2\repository\com\fasterxml\jackson\core\jackson-annotations\2.12.6\jackson-annotations-2.12.6.jar;C:\Users\Алексей\.m2\repository\net\minidev\json-smart\2.4.7\json-smart-2.4.7.jar;C:\Users\Алексей\.m2\repository\net\minidev\accessors-smart\2.4.7\accessors-smart-2.4.7.jar;C:\Users\Алексей\.m2\repository\org\ow2\asm\asm\9.1\asm-9.1.jar;C:\Users\Алексей\.m2\repository\com\jayway\jsonpath\json-path\2.5.0\json-path-2.5.0.jar;C:\Users\Алексей\.m2\repository\com\github\java-json-tools\json-schema-validator\2.2.14\json-schema-validator-2.2.14.jar;C:\Users\Алексей\.m2\repository\com\github\java-json-tools\jackson-coreutils-equivalence\1.0\jackson-coreutils-equivalence-1.0.jar;C:\Users\Алексей\.m2\repository\com\github\java-json-tools\jackson-coreutils\2.0\jackson-coreutils-2.0.jar;C:\Users\Алексей\.m2\repository\com\github\java-json-tools\msg-simple\1.2\msg-simple-1.2.jar;C:\Users\Алексей\.m2\repository\com\github\java-json-tools\btf\1.3\btf-1.3.jar;C:\Users\Алексей\.m2\repository\com\github\java-json-tools\json-schema-core\1.2.14\json-schema-core-1.2.14.jar;C:\Users\Алексей\.m2\repository\com\github\java-json-tools\uri-template\0.10\uri-template-0.10.jar;C:\Users\Алексей\.m2\repository\org\mozilla\rhino\1.7.7.2\rhino-1.7.7.2.jar;C:\Users\Алексей\.m2\repository\com\sun\mail\mailapi\1.6.2\mailapi-1.6.2.jar;C:\Users\Алексей\.m2\repository\joda-time\joda-time\2.10.5\joda-time-2.10.5.jar;C:\Users\Алексей\.m2\repository\com\googlecode\libphonenumber\libphonenumber\8.11.1\libphonenumber-8.11.1.jar;C:\Users\Алексей\.m2\repository\com\google\code\findbugs\jsr305\3.0.2\jsr305-3.0.2.jar;C:\Users\Алексей\.m2\repository\net\sf\jopt-simple\jopt-simple\5.0.4\jopt-simple-5.0.4.jar;C:\Users\Алексей\.m2\repository\com\google\guava\guava\30.1.1-jre\guava-30.1.1-jre.jar;C:\Users\Алексей\.m2\repository\com\google\guava\failureaccess\1.0.1\failureaccess-1.0.1.jar;C:\Users\Алексей\.m2\repository\com\google\guava\listenablefuture\9999.0-empty-to-avoid-conflict-with-guava\listenablefuture-9999.0-empty-to-avoid-conflict-with-guava.jar;C:\Users\Алексей\.m2\repository\org\checkerframework\checker-qual\3.8.0\checker-qual-3.8.0.jar;C:\Users\Алексей\.m2\repository\com\google\errorprone\error_prone_annotations\2.5.1\error_prone_annotations-2.5.1.jar;C:\Users\Алексей\.m2\repository\com\google\j2objc\j2objc-annotations\1.3\j2objc-annotations-1.3.jar;C:\Users\Алексей\.m2\repository\org\slf4j\slf4j-api\1.7.30\slf4j-api-1.7.30.jar;C:\Users\Алексей\.m2\repository\org\slf4j\jcl-over-slf4j\1.7.30\jcl-over-slf4j-1.7.30.jar;C:\Users\Алексей\.m2\repository\org\apache\logging\log4j\log4j-slf4j-impl\2.15.0\log4j-slf4j-impl-2.15.0.jar;C:\Users\Алексей\.m2\repository\org\apache\logging\log4j\log4j-api\2.15.0\log4j-api-2.15.0.jar;C:\Users\Алексей\.m2\repository\org\apache\logging\log4j\log4j-core\2.15.0\log4j-core-2.15.0.jar;C:\Users\Алексей\.m2\repository\jakarta\xml\ws\jakarta.xml.ws-api\2.3.2\jakarta.xml.ws-api-2.3.2.jar;C:\Users\Алексей\.m2\repository\jakarta\xml\soap\jakarta.xml.soap-api\1.4.1\jakarta.xml.soap-api-1.4.1.jar;C:\Users\Алексей\.m2\repository\jakarta\annotation\jakarta.annotation-api\1.3.4\jakarta.annotation-api-1.3.4.jar;C:\Users\Алексей\.m2\repository\jakarta\jws\jakarta.jws-api\1.1.1\jakarta.jws-api-1.1.1.jar;"/>
    <property name="java.vm.vendor" value="JetBrains s.r.o."/>
    <property name="sun.arch.data.model" value="64"/>
    <property name="user.variant" value=""/>
    <property name="java.vendor.url" value="https://openjdk.java.net/"/>
    <property name="user.timezone" value="Europe/Moscow"/>
    <property name="java.vm.specification.version" value="11"/>
    <property name="os.name" value="Windows 10"/>
    <property name="sun.java.launcher" value="SUN_STANDARD"/>
    <property name="user.country" value="RU"/>
    <property name="sun.boot.library.path" value="C:\Users\User\IntelliJ IDEA Community Edition 2021.2.2\jbr\bin"/>
    <property name="sun.java.command" value="C:\Users\CD86~1\AppData\Local\Temp\surefire6691233298035052527\surefirebooter3345324020584922897.jar C:\Users\Алексей\AppData\Local\Temp\surefire6691233298035052527 2022-10-21T14-13-59_086-jvmRun1 surefire15958025357329405003tmp surefire_07484224916375042203tmp"/>
    <property name="jdk.debug" value="release"/>
    <property name="surefire.test.class.path" value="C:\Users\Алексей\Desktop\OTUS_for_Vebinars\QA-JAVA\QA-JAVA\lesson_Citrus_Extended_v3.2.1\target\test-classes;C:\Users\Алексей\Desktop\OTUS_for_Vebinars\QA-JAVA\QA-JAVA\lesson_Citrus_Extended_v3.2.1\target\classes;C:\Users\Алексей\.m2\repository\com\consol\citrus\citrus-core\3.2.1\citrus-core-3.2.1.jar;C:\Users\Алексей\.m2\repository\com\consol\citrus\citrus-spring\3.2.1\citrus-spring-3.2.1.jar;C:\Users\Алексей\.m2\repository\xerces\xercesImpl\2.12.2\xercesImpl-2.12.2.jar;C:\Users\Алексей\.m2\repository\xml-apis\xml-apis\1.4.01\xml-apis-1.4.01.jar;C:\Users\Алексей\.m2\repository\com\consol\citrus\citrus-validation-xml\3.2.1\citrus-validation-xml-3.2.1.jar;C:\Users\Алексей\.m2\repository\org\glassfish\jaxb\jaxb-core\2.3.0.1\jaxb-core-2.3.0.1.jar;C:\Users\Алексей\.m2\repository\org\glassfish\jaxb\txw2\2.3.0.1\txw2-2.3.0.1.jar;C:\Users\Алексей\.m2\repository\com\sun\istack\istack-commons-runtime\3.0.5\istack-commons-runtime-3.0.5.jar;C:\Users\Алексей\.m2\repository\org\glassfish\jaxb\jaxb-runtime\2.3.5\jaxb-runtime-2.3.5.jar;C:\Users\Алексей\.m2\repository\xalan\xalan\2.7.2\xalan-2.7.2.jar;C:\Users\Алексей\.m2\repository\xalan\serializer\2.7.2\serializer-2.7.2.jar;C:\Users\Алексей\.m2\repository\wsdl4j\wsdl4j\1.6.3\wsdl4j-1.6.3.jar;C:\Users\Алексей\.m2\repository\net\sf\jtidy\jtidy\r938\jtidy-r938.jar;C:\Users\Алексей\.m2\repository\com\consol\citrus\citrus-validation-text\3.2.1\citrus-validation-text-3.2.1.jar;C:\Users\Алексей\.m2\repository\com\consol\citrus\citrus-validation-binary\3.2.1\citrus-validation-binary-3.2.1.jar;C:\Users\Алексей\.m2\repository\com\consol\citrus\citrus-validation-groovy\3.2.1\citrus-validation-groovy-3.2.1.jar;C:\Users\Алексей\.m2\repository\org\codehaus\groovy\groovy\3.0.9\groovy-3.0.9.jar;C:\Users\Алексей\.m2\repository\org\codehaus\groovy\groovy-jsr223\3.0.9\groovy-jsr223-3.0.9.jar;C:\Users\Алексей\.m2\repository\org\codehaus\groovy\groovy-json\3.0.9\groovy-json-3.0.9.jar;C:\Users\Алексей\.m2\repository\org\codehaus\groovy\groovy-xml\3.0.9\groovy-xml-3.0.9.jar;C:\Users\Алексей\.m2\repository\com\consol\citrus\citrus-validation-hamcrest\3.2.1\citrus-validation-hamcrest-3.2.1.jar;C:\Users\Алексей\.m2\repository\org\hamcrest\hamcrest\2.2\hamcrest-2.2.jar;C:\Users\Алексей\.m2\repository\org\hamcrest\hamcrest-library\2.2\hamcrest-library-2.2.jar;C:\Users\Алексей\.m2\repository\org\hamcrest\hamcrest-core\2.2\hamcrest-core-2.2.jar;C:\Users\Алексей\.m2\repository\com\consol\citrus\citrus-junit\3.2.1\citrus-junit-3.2.1.jar;C:\Users\Алексей\.m2\repository\com\consol\citrus\citrus-junit5\3.2.1\citrus-junit5-3.2.1.jar;C:\Users\Алексей\.m2\repository\com\consol\citrus\citrus-main\3.2.1\citrus-main-3.2.1.jar;C:\Users\Алексей\.m2\repository\com\consol\citrus\citrus-cucumber\3.2.1\citrus-cucumber-3.2.1.jar;C:\Users\Алексей\.m2\repository\io\cucumber\cucumber-java\6.11.0\cucumber-java-6.11.0.jar;C:\Users\Алексей\.m2\repository\io\cucumber\cucumber-core\6.11.0\cucumber-core-6.11.0.jar;C:\Users\Алексей\.m2\repository\io\cucumber\cucumber-gherkin\6.11.0\cucumber-gherkin-6.11.0.jar;C:\Users\Алексей\.m2\repository\io\cucumber\cucumber-gherkin-messages\6.11.0\cucumber-gherkin-messages-6.11.0.jar;C:\Users\Алексей\.m2\repository\io\cucumber\messages\15.0.0\messages-15.0.0.jar;C:\Users\Алексей\.m2\repository\io\cucumber\tag-expressions\3.0.1\tag-expressions-3.0.1.jar;C:\Users\Алексей\.m2\repository\io\cucumber\cucumber-expressions\10.3.0\cucumber-expressions-10.3.0.jar;C:\Users\Алексей\.m2\repository\io\cucumber\datatable\3.5.0\datatable-3.5.0.jar;C:\Users\Алексей\.m2\repository\io\cucumber\cucumber-plugin\6.11.0\cucumber-plugin-6.11.0.jar;C:\Users\Алексей\.m2\repository\io\cucumber\docstring\6.11.0\docstring-6.11.0.jar;C:\Users\Алексей\.m2\repository\io\cucumber\html-formatter\13.0.0\html-formatter-13.0.0.jar;C:\Users\Алексей\.m2\repository\io\cucumber\create-meta\4.0.0\create-meta-4.0.0.jar;C:\Users\Алексей\.m2\repository\org\apiguardian\apiguardian-api\1.1.2\apiguardian-api-1.1.2.jar;C:\Users\Алексей\.m2\repository\com\consol\citrus\citrus-groovy\3.2.1\citrus-groovy-3.2.1.jar;C:\Users\Алексей\.m2\repository\com\consol\citrus\citrus-spring-integration\3.2.1\citrus-spring-integration-3.2.1.jar;C:\Users\Алексей\.m2\repository\org\springframework\integration\spring-integration-core\5.5.10\spring-integration-core-5.5.10.jar;C:\Users\Алексей\.m2\repository\org\springframework\retry\spring-retry\1.3.2\spring-retry-1.3.2.jar;C:\Users\Алексей\.m2\repository\io\projectreactor\reactor-core\3.4.12\reactor-core-3.4.12.jar;C:\Users\Алексей\.m2\repository\org\reactivestreams\reactive-streams\1.0.3\reactive-streams-1.0.3.jar;C:\Users\Алексей\.m2\repository\com\consol\citrus\citrus-sql\3.2.1\citrus-sql-3.2.1.jar;C:\Users\Алексей\.m2\repository\org\springframework\spring-jdbc\5.3.18\spring-jdbc-5.3.18.jar;C:\Users\Алексей\.m2\repository\org\springframework\spring-test\5.3.18\spring-test-5.3.18.jar;C:\Users\Алексей\.m2\repository\com\consol\citrus\citrus-jms\3.2.1\citrus-jms-3.2.1.jar;C:\Users\Алексей\.m2\repository\com\consol\citrus\citrus-base\3.2.1\citrus-base-3.2.1.jar;C:\Users\Алексей\.m2\repository\com\consol\citrus\citrus-api\3.2.1\citrus-api-3.2.1.jar;C:\Users\Алексей\.m2\repository\commons-lang\commons-lang\2.6\commons-lang-2.6.jar;C:\Users\Алексей\.m2\repository\org\springframework\spring-jms\5.3.18\spring-jms-5.3.18.jar;C:\Users\Алексей\.m2\repository\org\springframework\spring-messaging\5.3.18\spring-messaging-5.3.18.jar;C:\Users\Алексей\.m2\repository\org\springframework\spring-tx\5.3.18\spring-tx-5.3.18.jar;C:\Users\Алексей\.m2\repository\jakarta\jms\jakarta.jms-api\2.0.3\jakarta.jms-api-2.0.3.jar;C:\Users\Алексей\.m2\repository\jakarta\xml\bind\jakarta.xml.bind-api\2.3.3\jakarta.xml.bind-api-2.3.3.jar;C:\Users\Алексей\.m2\repository\jakarta\activation\jakarta.activation-api\1.2.2\jakarta.activation-api-1.2.2.jar;C:\Users\Алексей\.m2\repository\com\sun\xml\messaging\saaj\saaj-impl\1.5.3\saaj-impl-1.5.3.jar;C:\Users\Алексей\.m2\repository\org\jvnet\staxex\stax-ex\1.8.3\stax-ex-1.8.3.jar;C:\Users\Алексей\.m2\repository\org\springframework\ws\spring-ws-core\3.1.3\spring-ws-core-3.1.3.jar;C:\Users\Алексей\.m2\repository\org\springframework\spring-webmvc\5.3.18\spring-webmvc-5.3.18.jar;C:\Users\Алексей\.m2\repository\org\springframework\spring-expression\5.3.18\spring-expression-5.3.18.jar;C:\Users\Алексей\.m2\repository\com\consol\citrus\citrus-ws\3.2.1\citrus-ws-3.2.1.jar;C:\Users\Алексей\.m2\repository\com\sun\activation\jakarta.activation\1.2.2\jakarta.activation-1.2.2.jar;C:\Users\Алексей\.m2\repository\org\eclipse\jetty\jetty-server\9.4.44.v20210927\jetty-server-9.4.44.v20210927.jar;C:\Users\Алексей\.m2\repository\org\eclipse\jetty\jetty-http\9.4.44.v20210927\jetty-http-9.4.44.v20210927.jar;C:\Users\Алексей\.m2\repository\org\eclipse\jetty\jetty-util\9.4.44.v20210927\jetty-util-9.4.44.v20210927.jar;C:\Users\Алексей\.m2\repository\org\eclipse\jetty\jetty-io\9.4.44.v20210927\jetty-io-9.4.44.v20210927.jar;C:\Users\Алексей\.m2\repository\org\eclipse\jetty\jetty-servlet\9.4.44.v20210927\jetty-servlet-9.4.44.v20210927.jar;C:\Users\Алексей\.m2\repository\org\eclipse\jetty\jetty-security\9.4.44.v20210927\jetty-security-9.4.44.v20210927.jar;C:\Users\Алексей\.m2\repository\org\eclipse\jetty\jetty-util-ajax\9.4.44.v20210927\jetty-util-ajax-9.4.44.v20210927.jar;C:\Users\Алексей\.m2\repository\jakarta\servlet\jakarta.servlet-api\4.0.4\jakarta.servlet-api-4.0.4.jar;C:\Users\Алексей\.m2\repository\commons-codec\commons-codec\1.15\commons-codec-1.15.jar;C:\Users\Алексей\.m2\repository\commons-io\commons-io\2.8.0\commons-io-2.8.0.jar;C:\Users\Алексей\.m2\repository\org\springframework\spring-core\5.3.18\spring-core-5.3.18.jar;C:\Users\Алексей\.m2\repository\org\springframework\spring-jcl\5.3.18\spring-jcl-5.3.18.jar;C:\Users\Алексей\.m2\repository\org\springframework\spring-beans\5.3.18\spring-beans-5.3.18.jar;C:\Users\Алексей\.m2\repository\org\springframework\spring-aop\5.3.18\spring-aop-5.3.18.jar;C:\Users\Алексей\.m2\repository\org\springframework\ws\spring-xml\3.1.3\spring-xml-3.1.3.jar;C:\Users\Алексей\.m2\repository\org\springframework\spring-web\5.3.18\spring-web-5.3.18.jar;C:\Users\Алексей\.m2\repository\org\springframework\spring-context\5.3.18\spring-context-5.3.18.jar;C:\Users\Алексей\.m2\repository\com\consol\citrus\citrus-http\3.2.1\citrus-http-3.2.1.jar;C:\Users\Алексей\.m2\repository\org\springframework\integration\spring-integration-http\5.5.10\spring-integration-http-5.5.10.jar;C:\Users\Алексей\.m2\repository\org\springframework\spring-oxm\5.3.18\spring-oxm-5.3.18.jar;C:\Users\Алексей\.m2\repository\org\apache\httpcomponents\httpclient\4.5.13\httpclient-4.5.13.jar;C:\Users\Алексей\.m2\repository\org\apache\httpcomponents\httpcore\4.4.13\httpcore-4.4.13.jar;C:\Users\Алексей\.m2\repository\commons-logging\commons-logging\1.2\commons-logging-1.2.jar;C:\Users\Алексей\.m2\repository\com\consol\citrus\citrus-testng\3.2.1\citrus-testng-3.2.1.jar;C:\Users\Алексей\.m2\repository\org\testng\testng\7.3.0\testng-7.3.0.jar;C:\Users\Алексей\.m2\repository\com\beust\jcommander\1.78\jcommander-1.78.jar;C:\Users\Алексей\.m2\repository\org\apache\ant\ant\1.10.3\ant-1.10.3.jar;C:\Users\Алексей\.m2\repository\org\apache\ant\ant-launcher\1.10.3\ant-launcher-1.10.3.jar;C:\Users\Алексей\.m2\repository\junit\junit\4.12\junit-4.12.jar;C:\Users\Алексей\.m2\repository\com\google\inject\guice\4.2.2\guice-4.2.2-no_aop.jar;C:\Users\Алексей\.m2\repository\javax\inject\javax.inject\1\javax.inject-1.jar;C:\Users\Алексей\.m2\repository\aopalliance\aopalliance\1.0\aopalliance-1.0.jar;C:\Users\Алексей\.m2\repository\org\yaml\snakeyaml\1.21\snakeyaml-1.21.jar;C:\Users\Алексей\.m2\repository\com\consol\citrus\citrus-validation-json\3.2.1\citrus-validation-json-3.2.1.jar;C:\Users\Алексей\.m2\repository\com\fasterxml\jackson\core\jackson-core\2.12.6\jackson-core-2.12.6.jar;C:\Users\Алексей\.m2\repository\com\fasterxml\jackson\core\jackson-databind\2.12.6.1\jackson-databind-2.12.6.1.jar;C:\Users\Алексей\.m2\repository\com\fasterxml\jackson\core\jackson-annotations\2.12.6\jackson-annotations-2.12.6.jar;C:\Users\Алексей\.m2\repository\net\minidev\json-smart\2.4.7\json-smart-2.4.7.jar;C:\Users\Алексей\.m2\repository\net\minidev\accessors-smart\2.4.7\accessors-smart-2.4.7.jar;C:\Users\Алексей\.m2\repository\org\ow2\asm\asm\9.1\asm-9.1.jar;C:\Users\Алексей\.m2\repository\com\jayway\jsonpath\json-path\2.5.0\json-path-2.5.0.jar;C:\Users\Алексей\.m2\repository\com\github\java-json-tools\json-schema-validator\2.2.14\json-schema-validator-2.2.14.jar;C:\Users\Алексей\.m2\repository\com\github\java-json-tools\jackson-coreutils-equivalence\1.0\jackson-coreutils-equivalence-1.0.jar;C:\Users\Алексей\.m2\repository\com\github\java-json-tools\jackson-coreutils\2.0\jackson-coreutils-2.0.jar;C:\Users\Алексей\.m2\repository\com\github\java-json-tools\msg-simple\1.2\msg-simple-1.2.jar;C:\Users\Алексей\.m2\repository\com\github\java-json-tools\btf\1.3\btf-1.3.jar;C:\Users\Алексей\.m2\repository\com\github\java-json-tools\json-schema-core\1.2.14\json-schema-core-1.2.14.jar;C:\Users\Алексей\.m2\repository\com\github\java-json-tools\uri-template\0.10\uri-template-0.10.jar;C:\Users\Алексей\.m2\repository\org\mozilla\rhino\1.7.7.2\rhino-1.7.7.2.jar;C:\Users\Алексей\.m2\repository\com\sun\mail\mailapi\1.6.2\mailapi-1.6.2.jar;C:\Users\Алексей\.m2\repository\joda-time\joda-time\2.10.5\joda-time-2.10.5.jar;C:\Users\Алексей\.m2\repository\com\googlecode\libphonenumber\libphonenumber\8.11.1\libphonenumber-8.11.1.jar;C:\Users\Алексей\.m2\repository\com\google\code\findbugs\jsr305\3.0.2\jsr305-3.0.2.jar;C:\Users\Алексей\.m2\repository\net\sf\jopt-simple\jopt-simple\5.0.4\jopt-simple-5.0.4.jar;C:\Users\Алексей\.m2\repository\com\google\guava\guava\30.1.1-jre\guava-30.1.1-jre.jar;C:\Users\Алексей\.m2\repository\com\google\guava\failureaccess\1.0.1\failureaccess-1.0.1.jar;C:\Users\Алексей\.m2\repository\com\google\guava\listenablefuture\9999.0-empty-to-avoid-conflict-with-guava\listenablefuture-9999.0-empty-to-avoid-conflict-with-guava.jar;C:\Users\Алексей\.m2\repository\org\checkerframework\checker-qual\3.8.0\checker-qual-3.8.0.jar;C:\Users\Алексей\.m2\repository\com\google\errorprone\error_prone_annotations\2.5.1\error_prone_annotations-2.5.1.jar;C:\Users\Алексей\.m2\repository\com\google\j2objc\j2objc-annotations\1.3\j2objc-annotations-1.3.jar;C:\Users\Алексей\.m2\repository\org\slf4j\slf4j-api\1.7.30\slf4j-api-1.7.30.jar;C:\Users\Алексей\.m2\repository\org\slf4j\jcl-over-slf4j\1.7.30\jcl-over-slf4j-1.7.30.jar;C:\Users\Алексей\.m2\repository\org\apache\logging\log4j\log4j-slf4j-impl\2.15.0\log4j-slf4j-impl-2.15.0.jar;C:\Users\Алексей\.m2\repository\org\apache\logging\log4j\log4j-api\2.15.0\log4j-api-2.15.0.jar;C:\Users\Алексей\.m2\repository\org\apache\logging\log4j\log4j-core\2.15.0\log4j-core-2.15.0.jar;C:\Users\Алексей\.m2\repository\jakarta\xml\ws\jakarta.xml.ws-api\2.3.2\jakarta.xml.ws-api-2.3.2.jar;C:\Users\Алексей\.m2\repository\jakarta\xml\soap\jakarta.xml.soap-api\1.4.1\jakarta.xml.soap-api-1.4.1.jar;C:\Users\Алексей\.m2\repository\jakarta\annotation\jakarta.annotation-api\1.3.4\jakarta.annotation-api-1.3.4.jar;C:\Users\Алексей\.m2\repository\jakarta\jws\jakarta.jws-api\1.1.1\jakarta.jws-api-1.1.1.jar;"/>
    <property name="sun.cpu.endian" value="little"/>
    <property name="user.home" value="C:\Users\Алексей"/>
    <property name="user.language" value="ru"/>
    <property name="java.specification.vendor" value="Oracle Corporation"/>
    <property name="java.version.date" value="2021-07-20"/>
    <property name="java.home" value="C:\Users\User\IntelliJ IDEA Community Edition 2021.2.2\jbr"/>
    <property name="file.separator" value="\"/>
    <property name="basedir" value="C:\Users\Алексей\Desktop\OTUS_for_Vebinars\QA-JAVA\QA-JAVA\lesson_Citrus_Extended_v3.2.1"/>
    <property name="java.vm.compressedOopsMode" value="Zero based"/>
    <property name="line.separator" value="&#10;"/>
    <property name="java.specification.name" value="Java Platform API Specification"/>
    <property name="java.vm.specification.vendor" value="Oracle Corporation"/>
    <property name="java.awt.graphicsenv" value="sun.awt.Win32GraphicsEnvironment"/>
    <property name="surefire.real.class.path" value="C:\Users\CD86~1\AppData\Local\Temp\surefire6691233298035052527\surefirebooter3345324020584922897.jar"/>
    <property name="user.script" value=""/>
    <property name="sun.management.compiler" value="HotSpot 64-Bit Tiered Compilers"/>
    <property name="java.runtime.version" value="11.0.12+7-b1504.28"/>
    <property name="user.name" value="outlook"/>
    <property name="path.separator" value=";"/>
    <property name="os.version" value="10.0"/>
    <property name="java.runtime.name" value="OpenJDK Runtime Environment"/>
    <property name="file.encoding" value="Cp1251"/>
    <property name="java.vm.name" value="OpenJDK 64-Bit Server VM"/>
    <property name="java.vendor.version" value="JBR-11.0.12.7-1504.28-jcef"/>
    <property name="localRepository" value="C:\Users\Алексей\.m2\repository"/>
    <property name="java.vendor.url.bug" value="https://bugreport.java.com/bugreport/"/>
    <property name="java.io.tmpdir" value="C:\Users\CD86~1\AppData\Local\Temp\"/>
    <property name="idea.version" value="2021.2.2"/>
    <property name="java.version" value="11.0.12"/>
    <property name="user.dir" value="C:\Users\Алексей\Desktop\OTUS_for_Vebinars\QA-JAVA\QA-JAVA\lesson_Citrus_Extended_v3.2.1\target"/>
    <property name="os.arch" value="amd64"/>
    <property name="java.vm.specification.name" value="Java Virtual Machine Specification"/>
    <property name="java.awt.printerjob" value="sun.awt.windows.WPrinterJob"/>
    <property name="sun.os.patch.level" value=""/>
    <property name="java.library.path" value="C:\Users\User\IntelliJ IDEA Community Edition 2021.2.2\jbr\bin;C:\WINDOWS\Sun\Java\bin;C:\WINDOWS\system32;C:\WINDOWS;%JAVA_HOME%\bin;C:\SeleniumDrivers\;%M2_HOME%\bin;C:\Program Files\PostgreSQL\15\bin;C:\Program Files\PostgreSQL\15\lib;C:\Program Files\Git\cmd;C:\Program Files\allure-2.14.0\bin;C:\WINDOWS\system32;C:\WINDOWS;C:\WINDOWS\System32\Wbem;C:\WINDOWS\System32\WindowsPowerShell\v1.0\;C:\WINDOWS\System32\OpenSSH\;C:\Gradle\gradle-6.9.1\bin;C:\Program Files (x86)\ATI Technologies\ATI.ACE\Core-Static;C:\Android\SDK\tools\bin;C:\Android\SDK;C:\Android\SDK\tools;C:\Android\SDK\platform-tools;C:\Android\SDK\build-tools;C:\ProgramData\Oracle\Java\javapath;C:\Program Files\Docker\Docker\resources\bin;C:\ProgramData\DockerDesktop\version-bin;C:\Program Files (x86)\Gpg4win\..\GnuPG\bin;C:\Program Files (x86)\dotnet\;C:\Programs\Maven\apache-maven-3.6.1\bin;C:\Program Files\JetBrains\IntelliJ IDEA Community Edition 2019.2.3\jbr\bin;C:\Users\Алексей\AppData\Local\GitHubDesktop\bin;C:\Program Files\PostgreSQL\15\bin;C:\Program Files\PostgreSQL\15\lib;C:\Program Files\allure-2.14.0\bin;C:\Users\Алексей\AppData\Local\Microsoft\WindowsApps;C:\Gradle\gradle-6.9.1\bin;C:\ProgramData\Oracle\Java\javapath;;."/>
    <property name="java.vm.info" value="mixed mode"/>
    <property name="java.vendor" value="JetBrains s.r.o."/>
    <property name="java.vm.version" value="11.0.12+7-b1504.28"/>
    <property name="sun.io.unicode.encoding" value="UnicodeLittle"/>
    <property name="java.class.version" value="55.0"/>
  </properties>
  <testcase name="getTestActions" classname="tests.TestMock" time="1.248"/>
</testsuite>