<?xml version="1.0" encoding="UTF-8"?>
<testsuite name="lesson.tests.FirstTestGetUser" time="0.0" tests="1" errors="0" skipped="0" failures="0">
    <testcase name="FirstTestGetUser.getTestActions" classname="lesson.tests.FirstTestGetUser" time="0.0"/>
</testsuite>