<?xml version="1.0" encoding="UTF-8"?>
<!-- Generated by org.testng.reporters.JUnitReportReporter -->
<testsuite hostname="OLDI" failures="0" tests="1" name="tests.TestMock" time="1.246" errors="0" timestamp="2022-10-21T14:14:05 MSK" skipped="0">
  <testcase classname="tests.TestMock" name="getTestActions" time="1.246"/>
  <system-out/>
</testsuite> <!-- tests.TestMock -->
